<?xml version="1.0" encoding="UTF-8"?>
<!-- Generated by org.testng.reporters.JUnitReportReporter -->
<testsuite hostname="LAPTOP-NS4283F2" failures="0" tests="1" name="AmazonProject.AmazonProject.Annotation" time="0.016" errors="0" timestamp="2024-06-28T14:20:26 IST" skipped="0">
  <testcase classname="AmazonProject.AmazonProject.Annotation" name="f" time="0.016"/>
  <system-out/>
</testsuite> <!-- AmazonProject.AmazonProject.Annotation -->
