<?xml version="1.0" encoding="UTF-8"?>
<!-- Generated by org.testng.reporters.JUnitReportReporter -->
<testsuite hostname="LAPTOP-NS4283F2" failures="0" tests="1" name="com.integration.AmazonIntegration" time="85.201" errors="0" timestamp="2024-06-29T10:40:33 IST" skipped="0">
  <testcase classname="com.integration.AmazonIntegration" name="AmazonTest" time="85.201"/>
  <system-out/>
</testsuite> <!-- com.integration.AmazonIntegration -->
