<?xml version="1.0" encoding="UTF-8"?>
<!-- Generated by org.testng.reporters.JUnitReportReporter -->
<testsuite hostname="LAPTOP-NS4283F2" failures="0" tests="1" name="AmazonProject.AmazonProject.AmazonIntegration" time="95.254" errors="0" timestamp="2024-06-28T14:33:50 IST" skipped="0">
  <testcase classname="AmazonProject.AmazonProject.AmazonIntegration" name="AmazonTest" time="95.254"/>
  <system-out/>
</testsuite> <!-- AmazonProject.AmazonProject.AmazonIntegration -->
